Replace Part C1 C0805C104Z5VACTU in D:\Tutorial\AltiumDesigner\Projects\ArduinoProMini\Source\ArduinoProMini_Project\ArduinoProMini_Schematic.SchDoc with C0805C104Z5VACTU from ArduinoProMini_SchematicLib.SchLib
Replace Part C2 C0805C104Z5VACTU in D:\Tutorial\AltiumDesigner\Projects\ArduinoProMini\Source\ArduinoProMini_Project\ArduinoProMini_Schematic.SchDoc with C0805C104Z5VACTU from ArduinoProMini_SchematicLib.SchLib
Replace Part C3 C0805C104Z5VACTU in D:\Tutorial\AltiumDesigner\Projects\ArduinoProMini\Source\ArduinoProMini_Project\ArduinoProMini_Schematic.SchDoc with C0805C104Z5VACTU from ArduinoProMini_SchematicLib.SchLib
Replace Part C4 C0805C104Z5VACTU in D:\Tutorial\AltiumDesigner\Projects\ArduinoProMini\Source\ArduinoProMini_Project\ArduinoProMini_Schematic.SchDoc with C0805C104Z5VACTU from ArduinoProMini_SchematicLib.SchLib
Replace Part C5 C0805C104Z5VACTU in D:\Tutorial\AltiumDesigner\Projects\ArduinoProMini\Source\ArduinoProMini_Project\ArduinoProMini_Schematic.SchDoc with C0805C104Z5VACTU from ArduinoProMini_SchematicLib.SchLib
Replace Part C6 C0805C104Z5VACTU in D:\Tutorial\AltiumDesigner\Projects\ArduinoProMini\Source\ArduinoProMini_Project\ArduinoProMini_Schematic.SchDoc with C0805C104Z5VACTU from ArduinoProMini_SchematicLib.SchLib
Replace Part C7 CC0805JRNPO9BN180 in D:\Tutorial\AltiumDesigner\Projects\ArduinoProMini\Source\ArduinoProMini_Project\ArduinoProMini_Schematic.SchDoc with CC0805JRNPO9BN180 from ArduinoProMini_SchematicLib.SchLib
Replace Part C8 CC0805JRNPO9BN180 in D:\Tutorial\AltiumDesigner\Projects\ArduinoProMini\Source\ArduinoProMini_Project\ArduinoProMini_Schematic.SchDoc with CC0805JRNPO9BN180 from ArduinoProMini_SchematicLib.SchLib
Replace Part C9 C0805C106K4PACTU in D:\Tutorial\AltiumDesigner\Projects\ArduinoProMini\Source\ArduinoProMini_Project\ArduinoProMini_Schematic.SchDoc with C0805C106K4PACTU from ArduinoProMini_SchematicLib.SchLib
Replace Part C10 C0805C106K4PACTU in D:\Tutorial\AltiumDesigner\Projects\ArduinoProMini\Source\ArduinoProMini_Project\ArduinoProMini_Schematic.SchDoc with C0805C106K4PACTU from ArduinoProMini_SchematicLib.SchLib
Replace Part D1 1N4148UR-1 in D:\Tutorial\AltiumDesigner\Projects\ArduinoProMini\Source\ArduinoProMini_Project\ArduinoProMini_Schematic.SchDoc with 1N4148UR-1 from ArduinoProMini_SchematicLib.SchLib
Replace Part J1 Micro-USB-Type-B-SCH in D:\Tutorial\AltiumDesigner\Projects\ArduinoProMini\Source\ArduinoProMini_Project\ArduinoProMini_Schematic.SchDoc with Micro-USB-Type-B-SCH from ArduinoProMini_SchematicLib.SchLib
Replace Part J2 PH1-14-UA in D:\Tutorial\AltiumDesigner\Projects\ArduinoProMini\Source\ArduinoProMini_Project\ArduinoProMini_Schematic.SchDoc with PH1-14-UA from ArduinoProMini_SchematicLib.SchLib
Replace Part J3 PH1-14-UA in D:\Tutorial\AltiumDesigner\Projects\ArduinoProMini\Source\ArduinoProMini_Project\ArduinoProMini_Schematic.SchDoc with PH1-14-UA from ArduinoProMini_SchematicLib.SchLib
Replace Part J4 M20-7820646 in D:\Tutorial\AltiumDesigner\Projects\ArduinoProMini\Source\ArduinoProMini_Project\ArduinoProMini_Schematic.SchDoc with M20-7820646 from ArduinoProMini_SchematicLib.SchLib
Replace Part L1 LTST-C194TBKT in D:\Tutorial\AltiumDesigner\Projects\ArduinoProMini\Source\ArduinoProMini_Project\ArduinoProMini_Schematic.SchDoc with LTST-C194TBKT from ArduinoProMini_SchematicLib.SchLib
Replace Part LED1 IN-S63AT5UW in D:\Tutorial\AltiumDesigner\Projects\ArduinoProMini\Source\ArduinoProMini_Project\ArduinoProMini_Schematic.SchDoc with IN-S63AT5UW from ArduinoProMini_SchematicLib.SchLib
Replace Part R1 RC0805FR-0710KL in D:\Tutorial\AltiumDesigner\Projects\ArduinoProMini\Source\ArduinoProMini_Project\ArduinoProMini_Schematic.SchDoc with RC0805FR-0710KL from ArduinoProMini_SchematicLib.SchLib
Replace Part R2 RC0805FR-0710KL in D:\Tutorial\AltiumDesigner\Projects\ArduinoProMini\Source\ArduinoProMini_Project\ArduinoProMini_Schematic.SchDoc with RC0805FR-0710KL from ArduinoProMini_SchematicLib.SchLib
Replace Part R3 RC0805FR-0710KL in D:\Tutorial\AltiumDesigner\Projects\ArduinoProMini\Source\ArduinoProMini_Project\ArduinoProMini_Schematic.SchDoc with RC0805FR-0710KL from ArduinoProMini_SchematicLib.SchLib
Replace Part R4 RC0805JR-07330RL in D:\Tutorial\AltiumDesigner\Projects\ArduinoProMini\Source\ArduinoProMini_Project\ArduinoProMini_Schematic.SchDoc with RC0805JR-07330RL from ArduinoProMini_SchematicLib.SchLib
Replace Part R5 RC0805JR-07330RL in D:\Tutorial\AltiumDesigner\Projects\ArduinoProMini\Source\ArduinoProMini_Project\ArduinoProMini_Schematic.SchDoc with RC0805JR-07330RL from ArduinoProMini_SchematicLib.SchLib
Replace Part S1 1825910-6 in D:\Tutorial\AltiumDesigner\Projects\ArduinoProMini\Source\ArduinoProMini_Project\ArduinoProMini_Schematic.SchDoc with 1825910-6 from ArduinoProMini_SchematicLib.SchLib
Replace Part U1 ATMEGA328P-AUR in D:\Tutorial\AltiumDesigner\Projects\ArduinoProMini\Source\ArduinoProMini_Project\ArduinoProMini_Schematic.SchDoc with ATMEGA328P-AUR from ArduinoProMini_SchematicLib.SchLib
Replace Part VR1 LM1117MPX-3.3/NOPB in D:\Tutorial\AltiumDesigner\Projects\ArduinoProMini\Source\ArduinoProMini_Project\ArduinoProMini_Schematic.SchDoc with LM1117MPX-3.3/NOPB from ArduinoProMini_SchematicLib.SchLib
Replace Part Y1 ECS-80-18-5PX-TR in D:\Tutorial\AltiumDesigner\Projects\ArduinoProMini\Source\ArduinoProMini_Project\ArduinoProMini_Schematic.SchDoc with ECS-80-18-5PX-TR from ArduinoProMini_SchematicLib.SchLib
